0 info it worked if it ends with ok
1 verbose cli [ 'C:\\Program Files\\nodejs\\node.exe',
1 verbose cli   'C:\\Program Files\\nodejs\\node_modules\\npm\\bin\\npm-cli.js',
1 verbose cli   'i',
1 verbose cli   'meteor' ]
2 info using npm@3.8.3
3 info using node@v5.10.1
4 silly loadCurrentTree Starting
5 silly install loadCurrentTree
6 silly install readLocalPackageData
7 silly fetchPackageMetaData meteor
8 silly fetchNamedPackageData meteor
9 silly mapToRegistry name meteor
10 silly mapToRegistry using default registry
11 silly mapToRegistry registry https://registry.npmjs.org/
12 silly mapToRegistry data Result {
12 silly mapToRegistry   raw: 'meteor',
12 silly mapToRegistry   scope: null,
12 silly mapToRegistry   name: 'meteor',
12 silly mapToRegistry   rawSpec: '',
12 silly mapToRegistry   spec: 'latest',
12 silly mapToRegistry   type: 'tag' }
13 silly mapToRegistry uri https://registry.npmjs.org/meteor
14 verbose request uri https://registry.npmjs.org/meteor
15 verbose request no auth needed
16 info attempt registry request try #1 at 02:11:17
17 verbose request id e903fc95ff2e08a7
18 verbose etag "6JUTLZXZLOY79HJQBY6BHPJVQ"
19 http request GET https://registry.npmjs.org/meteor
20 http 304 https://registry.npmjs.org/meteor
21 verbose headers { date: 'Sat, 04 Jun 2016 23:11:15 GMT',
21 verbose headers   via: '1.1 varnish',
21 verbose headers   'cache-control': 'max-age=300',
21 verbose headers   etag: '"6JUTLZXZLOY79HJQBY6BHPJVQ"',
21 verbose headers   age: '0',
21 verbose headers   connection: 'keep-alive',
21 verbose headers   'x-served-by': 'cache-ams4134-AMS',
21 verbose headers   'x-cache': 'MISS',
21 verbose headers   'x-cache-hits': '0',
21 verbose headers   'x-timer': 'S1465081875.346892,VS0,VE714',
21 verbose headers   vary: 'Accept-Encoding' }
22 silly get cb [ 304,
22 silly get   { date: 'Sat, 04 Jun 2016 23:11:15 GMT',
22 silly get     via: '1.1 varnish',
22 silly get     'cache-control': 'max-age=300',
22 silly get     etag: '"6JUTLZXZLOY79HJQBY6BHPJVQ"',
22 silly get     age: '0',
22 silly get     connection: 'keep-alive',
22 silly get     'x-served-by': 'cache-ams4134-AMS',
22 silly get     'x-cache': 'MISS',
22 silly get     'x-cache-hits': '0',
22 silly get     'x-timer': 'S1465081875.346892,VS0,VE714',
22 silly get     vary: 'Accept-Encoding' } ]
23 verbose etag https://registry.npmjs.org/meteor from cache
24 verbose get saving meteor to C:\Users\1\AppData\Roaming\npm-cache\registry.npmjs.org\meteor\.cache.json
25 verbose correctMkdir C:\Users\1\AppData\Roaming\npm-cache correctMkdir not in flight; initializing
26 silly install normalizeTree
27 silly loadCurrentTree Finishing
28 silly loadIdealTree Starting
29 silly install loadIdealTree
30 silly cloneCurrentTree Starting
31 silly install cloneCurrentTreeToIdealTree
32 silly cloneCurrentTree Finishing
33 silly loadShrinkwrap Starting
34 silly install loadShrinkwrap
35 silly loadShrinkwrap Finishing
36 silly loadAllDepsIntoIdealTree Starting
37 silly install loadAllDepsIntoIdealTree
38 silly resolveWithNewModule meteor@0.5.2-1 checking installable status
39 silly cache add args [ 'meteor', null ]
40 verbose cache add spec meteor
41 silly cache add parsed spec Result {
41 silly cache add   raw: 'meteor',
41 silly cache add   scope: null,
41 silly cache add   name: 'meteor',
41 silly cache add   rawSpec: '',
41 silly cache add   spec: 'latest',
41 silly cache add   type: 'tag' }
42 silly addNamed meteor@latest
43 verbose addNamed "latest" is being treated as a dist-tag for meteor
44 info addNameTag [ 'meteor', 'latest' ]
45 silly mapToRegistry name meteor
46 silly mapToRegistry using default registry
47 silly mapToRegistry registry https://registry.npmjs.org/
48 silly mapToRegistry data Result {
48 silly mapToRegistry   raw: 'meteor',
48 silly mapToRegistry   scope: null,
48 silly mapToRegistry   name: 'meteor',
48 silly mapToRegistry   rawSpec: '',
48 silly mapToRegistry   spec: 'latest',
48 silly mapToRegistry   type: 'tag' }
49 silly mapToRegistry uri https://registry.npmjs.org/meteor
50 verbose addNameTag registry:https://registry.npmjs.org/meteor not in flight; fetching
51 verbose get https://registry.npmjs.org/meteor not expired, no request
52 silly addNameTag next cb for meteor with tag latest
53 silly addNamed meteor@0.5.2-1
54 verbose addNamed "0.5.2-1" is a plain semver version for meteor
55 silly cache afterAdd meteor@0.5.2-1
56 verbose afterAdd C:\Users\1\AppData\Roaming\npm-cache\meteor\0.5.2-1\package\package.json not in flight; writing
57 verbose correctMkdir C:\Users\1\AppData\Roaming\npm-cache correctMkdir not in flight; initializing
58 verbose afterAdd C:\Users\1\AppData\Roaming\npm-cache\meteor\0.5.2-1\package\package.json written
59 silly fetchNamedPackageData fibers
60 silly mapToRegistry name fibers
61 silly mapToRegistry using default registry
62 silly mapToRegistry registry https://registry.npmjs.org/
63 silly mapToRegistry data Result {
63 silly mapToRegistry   raw: 'fibers',
63 silly mapToRegistry   scope: null,
63 silly mapToRegistry   name: 'fibers',
63 silly mapToRegistry   rawSpec: '',
63 silly mapToRegistry   spec: 'latest',
63 silly mapToRegistry   type: 'tag' }
64 silly mapToRegistry uri https://registry.npmjs.org/fibers
65 verbose request uri https://registry.npmjs.org/fibers
66 verbose request no auth needed
67 info attempt registry request try #1 at 02:11:18
68 verbose etag "B1HLOX4BPCTKAK6BSCUUYM7GU"
69 http request GET https://registry.npmjs.org/fibers
70 http 304 https://registry.npmjs.org/fibers
71 verbose headers { date: 'Sat, 04 Jun 2016 23:11:16 GMT',
71 verbose headers   via: '1.1 varnish',
71 verbose headers   'cache-control': 'max-age=300',
71 verbose headers   etag: '"B1HLOX4BPCTKAK6BSCUUYM7GU"',
71 verbose headers   age: '253',
71 verbose headers   connection: 'keep-alive',
71 verbose headers   'x-served-by': 'cache-ams4134-AMS',
71 verbose headers   'x-cache': 'HIT',
71 verbose headers   'x-cache-hits': '1',
71 verbose headers   'x-timer': 'S1465081876.305400,VS0,VE0',
71 verbose headers   vary: 'Accept-Encoding' }
72 silly get cb [ 304,
72 silly get   { date: 'Sat, 04 Jun 2016 23:11:16 GMT',
72 silly get     via: '1.1 varnish',
72 silly get     'cache-control': 'max-age=300',
72 silly get     etag: '"B1HLOX4BPCTKAK6BSCUUYM7GU"',
72 silly get     age: '253',
72 silly get     connection: 'keep-alive',
72 silly get     'x-served-by': 'cache-ams4134-AMS',
72 silly get     'x-cache': 'HIT',
72 silly get     'x-cache-hits': '1',
72 silly get     'x-timer': 'S1465081876.305400,VS0,VE0',
72 silly get     vary: 'Accept-Encoding' } ]
73 verbose etag https://registry.npmjs.org/fibers from cache
74 verbose get saving fibers to C:\Users\1\AppData\Roaming\npm-cache\registry.npmjs.org\fibers\.cache.json
75 verbose correctMkdir C:\Users\1\AppData\Roaming\npm-cache correctMkdir not in flight; initializing
76 silly resolveWithNewModule fibers@0.6.9 checking installable status
77 silly cache add args [ 'fibers@0.6.9', null ]
78 verbose cache add spec fibers@0.6.9
79 silly cache add parsed spec Result {
79 silly cache add   raw: 'fibers@0.6.9',
79 silly cache add   scope: null,
79 silly cache add   name: 'fibers',
79 silly cache add   rawSpec: '0.6.9',
79 silly cache add   spec: '0.6.9',
79 silly cache add   type: 'version' }
80 silly addNamed fibers@0.6.9
81 verbose addNamed "0.6.9" is a plain semver version for fibers
82 silly mapToRegistry name fibers
83 silly mapToRegistry using default registry
84 silly mapToRegistry registry https://registry.npmjs.org/
85 silly mapToRegistry data Result {
85 silly mapToRegistry   raw: 'fibers',
85 silly mapToRegistry   scope: null,
85 silly mapToRegistry   name: 'fibers',
85 silly mapToRegistry   rawSpec: '',
85 silly mapToRegistry   spec: 'latest',
85 silly mapToRegistry   type: 'tag' }
86 silly mapToRegistry uri https://registry.npmjs.org/fibers
87 verbose addNameVersion registry:https://registry.npmjs.org/fibers not in flight; fetching
88 verbose get https://registry.npmjs.org/fibers not expired, no request
89 silly cache afterAdd fibers@0.6.9
90 verbose afterAdd C:\Users\1\AppData\Roaming\npm-cache\fibers\0.6.9\package\package.json not in flight; writing
91 verbose correctMkdir C:\Users\1\AppData\Roaming\npm-cache correctMkdir not in flight; initializing
92 verbose afterAdd C:\Users\1\AppData\Roaming\npm-cache\fibers\0.6.9\package\package.json written
93 silly loadAllDepsIntoIdealTree Finishing
94 silly idealTree:prePrune Nova@0.0.0
94 silly idealTree:prePrune +-- bson@0.1.5
94 silly idealTree:prePrune +-- clean-css@0.8.2
94 silly idealTree:prePrune +-- coffee-script@1.4.0
94 silly idealTree:prePrune +-- colors@0.6.2
94 silly idealTree:prePrune +-- connect@1.9.2
94 silly idealTree:prePrune +-- cssom@0.2.5
94 silly idealTree:prePrune +-- debug@2.2.0
94 silly idealTree:prePrune +-- faye-websocket@0.4.0
94 silly idealTree:prePrune +-- fibers@0.6.9
94 silly idealTree:prePrune +-- formidable@1.0.17
94 silly idealTree:prePrune +-- gzippo@0.1.7
94 silly idealTree:prePrune +-- handlebars@1.0.7
94 silly idealTree:prePrune | `-- uglify-js@1.2.6
94 silly idealTree:prePrune +-- http-proxy@0.8.5
94 silly idealTree:prePrune +-- keypress@0.1.0
94 silly idealTree:prePrune +-- less@1.3.1
94 silly idealTree:prePrune +-- mailcomposer@0.1.15
94 silly idealTree:prePrune +-- meteor@0.5.2-1
94 silly idealTree:prePrune +-- mime@1.2.7
94 silly idealTree:prePrune +-- mimelib-noiconv@0.1.9
94 silly idealTree:prePrune +-- mkdirp@0.3.5
94 silly idealTree:prePrune +-- mongodb@1.1.11
94 silly idealTree:prePrune +-- ms@0.7.1
94 silly idealTree:prePrune +-- nib@0.8.2
94 silly idealTree:prePrune +-- node-uuid@1.3.3
94 silly idealTree:prePrune +-- optimist@0.3.5
94 silly idealTree:prePrune +-- pkginfo@0.2.3
94 silly idealTree:prePrune +-- progress@0.0.5
94 silly idealTree:prePrune +-- qs@6.2.0
94 silly idealTree:prePrune +-- rai@0.1.12
94 silly idealTree:prePrune +-- request@2.12.0
94 silly idealTree:prePrune | +-- form-data@0.0.3
94 silly idealTree:prePrune | | +-- async@0.1.9
94 silly idealTree:prePrune | | `-- combined-stream@0.0.3
94 silly idealTree:prePrune | |   `-- delayed-stream@0.0.5
94 silly idealTree:prePrune | `-- mime@1.2.7
94 silly idealTree:prePrune +-- semver@1.1.0
94 silly idealTree:prePrune +-- simplesmtp@0.1.25
94 silly idealTree:prePrune +-- sockjs@0.3.4
94 silly idealTree:prePrune +-- stream-buffers@0.2.3
94 silly idealTree:prePrune +-- stylus@0.30.1
94 silly idealTree:prePrune +-- uglify-js@1.3.4
94 silly idealTree:prePrune +-- useragent@1.1.0
94 silly idealTree:prePrune | +-- request@2.9.202
94 silly idealTree:prePrune | `-- semver@1.0.14
94 silly idealTree:prePrune +-- wordwrap@0.0.3
94 silly idealTree:prePrune +-- xoauth2@1.1.0
94 silly idealTree:prePrune `-- yamlparser@0.0.2
95 silly loadIdealTree Finishing
96 silly currentTree Nova@0.0.0
96 silly currentTree +-- bson@0.1.5
96 silly currentTree +-- clean-css@0.8.2
96 silly currentTree +-- coffee-script@1.4.0
96 silly currentTree +-- colors@0.6.2
96 silly currentTree +-- connect@1.9.2
96 silly currentTree +-- cssom@0.2.5
96 silly currentTree +-- debug@2.2.0
96 silly currentTree +-- faye-websocket@0.4.0
96 silly currentTree +-- formidable@1.0.17
96 silly currentTree +-- gzippo@0.1.7
96 silly currentTree +-- handlebars@1.0.7
96 silly currentTree | `-- uglify-js@1.2.6
96 silly currentTree +-- http-proxy@0.8.5
96 silly currentTree +-- keypress@0.1.0
96 silly currentTree +-- less@1.3.1
96 silly currentTree +-- mailcomposer@0.1.15
96 silly currentTree +-- mime@1.2.7
96 silly currentTree +-- mimelib-noiconv@0.1.9
96 silly currentTree +-- mkdirp@0.3.5
96 silly currentTree +-- mongodb@1.1.11
96 silly currentTree +-- ms@0.7.1
96 silly currentTree +-- nib@0.8.2
96 silly currentTree +-- node-uuid@1.3.3
96 silly currentTree +-- optimist@0.3.5
96 silly currentTree +-- pkginfo@0.2.3
96 silly currentTree +-- progress@0.0.5
96 silly currentTree +-- qs@6.2.0
96 silly currentTree +-- rai@0.1.12
96 silly currentTree +-- request@2.12.0
96 silly currentTree | +-- form-data@0.0.3
96 silly currentTree | | +-- async@0.1.9
96 silly currentTree | | `-- combined-stream@0.0.3
96 silly currentTree | |   `-- delayed-stream@0.0.5
96 silly currentTree | `-- mime@1.2.7
96 silly currentTree +-- semver@1.1.0
96 silly currentTree +-- simplesmtp@0.1.25
96 silly currentTree +-- sockjs@0.3.4
96 silly currentTree +-- stream-buffers@0.2.3
96 silly currentTree +-- stylus@0.30.1
96 silly currentTree +-- uglify-js@1.3.4
96 silly currentTree +-- useragent@1.1.0
96 silly currentTree | +-- request@2.9.202
96 silly currentTree | `-- semver@1.0.14
96 silly currentTree +-- wordwrap@0.0.3
96 silly currentTree +-- xoauth2@1.1.0
96 silly currentTree `-- yamlparser@0.0.2
97 silly idealTree Nova@0.0.0
97 silly idealTree +-- bson@0.1.5
97 silly idealTree +-- clean-css@0.8.2
97 silly idealTree +-- coffee-script@1.4.0
97 silly idealTree +-- colors@0.6.2
97 silly idealTree +-- connect@1.9.2
97 silly idealTree +-- cssom@0.2.5
97 silly idealTree +-- debug@2.2.0
97 silly idealTree +-- faye-websocket@0.4.0
97 silly idealTree +-- fibers@0.6.9
97 silly idealTree +-- formidable@1.0.17
97 silly idealTree +-- gzippo@0.1.7
97 silly idealTree +-- handlebars@1.0.7
97 silly idealTree | `-- uglify-js@1.2.6
97 silly idealTree +-- http-proxy@0.8.5
97 silly idealTree +-- keypress@0.1.0
97 silly idealTree +-- less@1.3.1
97 silly idealTree +-- mailcomposer@0.1.15
97 silly idealTree +-- meteor@0.5.2-1
97 silly idealTree +-- mime@1.2.7
97 silly idealTree +-- mimelib-noiconv@0.1.9
97 silly idealTree +-- mkdirp@0.3.5
97 silly idealTree +-- mongodb@1.1.11
97 silly idealTree +-- ms@0.7.1
97 silly idealTree +-- nib@0.8.2
97 silly idealTree +-- node-uuid@1.3.3
97 silly idealTree +-- optimist@0.3.5
97 silly idealTree +-- pkginfo@0.2.3
97 silly idealTree +-- progress@0.0.5
97 silly idealTree +-- qs@6.2.0
97 silly idealTree +-- rai@0.1.12
97 silly idealTree +-- request@2.12.0
97 silly idealTree | +-- form-data@0.0.3
97 silly idealTree | | +-- async@0.1.9
97 silly idealTree | | `-- combined-stream@0.0.3
97 silly idealTree | |   `-- delayed-stream@0.0.5
97 silly idealTree | `-- mime@1.2.7
97 silly idealTree +-- semver@1.1.0
97 silly idealTree +-- simplesmtp@0.1.25
97 silly idealTree +-- sockjs@0.3.4
97 silly idealTree +-- stream-buffers@0.2.3
97 silly idealTree +-- stylus@0.30.1
97 silly idealTree +-- uglify-js@1.3.4
97 silly idealTree +-- useragent@1.1.0
97 silly idealTree | +-- request@2.9.202
97 silly idealTree | `-- semver@1.0.14
97 silly idealTree +-- wordwrap@0.0.3
97 silly idealTree +-- xoauth2@1.1.0
97 silly idealTree `-- yamlparser@0.0.2
98 silly generateActionsToTake Starting
99 silly install generateActionsToTake
100 silly generateActionsToTake Finishing
101 silly diffTrees action count 2
102 silly diffTrees add fibers@0.6.9
103 silly diffTrees add meteor@0.5.2-1
104 silly decomposeActions action count 16
105 silly decomposeActions fetch fibers@0.6.9
106 silly decomposeActions extract fibers@0.6.9
107 silly decomposeActions test fibers@0.6.9
108 silly decomposeActions preinstall fibers@0.6.9
109 silly decomposeActions build fibers@0.6.9
110 silly decomposeActions install fibers@0.6.9
111 silly decomposeActions postinstall fibers@0.6.9
112 silly decomposeActions finalize fibers@0.6.9
113 silly decomposeActions fetch meteor@0.5.2-1
114 silly decomposeActions extract meteor@0.5.2-1
115 silly decomposeActions test meteor@0.5.2-1
116 silly decomposeActions preinstall meteor@0.5.2-1
117 silly decomposeActions build meteor@0.5.2-1
118 silly decomposeActions install meteor@0.5.2-1
119 silly decomposeActions postinstall meteor@0.5.2-1
120 silly decomposeActions finalize meteor@0.5.2-1
121 silly executeActions Starting
122 silly install executeActions
123 silly doSerial global-install 0
124 silly doParallel fetch 2
125 verbose correctMkdir C:\Users\1\AppData\Roaming\npm-cache\_locks correctMkdir not in flight; initializing
126 verbose lock using C:\Users\1\AppData\Roaming\npm-cache\_locks\staging-36f22551bf89ee06.lock for C:\Users\1\Desktop\angelhack\community\node_modules\.staging
127 silly doParallel extract 2
128 silly extract fibers@0.6.9
129 silly extract meteor@0.5.2-1
130 verbose unbuild node_modules\.staging\fibers-f96628ac
131 silly gentlyRm C:\Users\1\Desktop\angelhack\community\node_modules\.staging\fibers-f96628ac is being purged from base C:\Users\1\Desktop\angelhack\community
132 verbose gentlyRm don't care about contents; nuking C:\Users\1\Desktop\angelhack\community\node_modules\.staging\fibers-f96628ac
133 verbose unbuild node_modules\.staging\meteor-45559b68
134 verbose tar unpack C:\Users\1\AppData\Roaming\npm-cache\fibers\0.6.9\package.tgz
135 verbose tar unpacking to C:\Users\1\Desktop\angelhack\community\node_modules\.staging\fibers-f96628ac
136 silly gentlyRm C:\Users\1\Desktop\angelhack\community\node_modules\.staging\fibers-f96628ac is being purged
137 verbose gentlyRm don't care about contents; nuking C:\Users\1\Desktop\angelhack\community\node_modules\.staging\fibers-f96628ac
138 silly gunzTarPerm modes [ '777', '666' ]
139 silly gentlyRm C:\Users\1\Desktop\angelhack\community\node_modules\.staging\meteor-45559b68 is being purged from base C:\Users\1\Desktop\angelhack\community
140 verbose gentlyRm don't care about contents; nuking C:\Users\1\Desktop\angelhack\community\node_modules\.staging\meteor-45559b68
141 verbose tar unpack C:\Users\1\AppData\Roaming\npm-cache\meteor\0.5.2-1\package.tgz
142 verbose tar unpacking to C:\Users\1\Desktop\angelhack\community\node_modules\.staging\meteor-45559b68
143 silly gentlyRm C:\Users\1\Desktop\angelhack\community\node_modules\.staging\meteor-45559b68 is being purged
144 verbose gentlyRm don't care about contents; nuking C:\Users\1\Desktop\angelhack\community\node_modules\.staging\meteor-45559b68
145 silly gunzTarPerm modes [ '777', '666' ]
146 silly gunzTarPerm extractEntry package.json
147 silly gunzTarPerm extractEntry package.json
148 silly gunzTarPerm extractEntry .npmignore
149 silly gunzTarPerm extractEntry README.md
150 silly gunzTarPerm extractEntry .npmignore
151 silly gunzTarPerm extractEntry README.md
152 silly gunzTarPerm extractEntry dev_bundle/.bundle_version.txt
153 silly gunzTarPerm extractEntry install.sh
154 silly gunzTarPerm extractEntry LICENSE
155 silly gunzTarPerm extractEntry docs/public/favicon.ico
156 silly gunzTarPerm extractEntry docs/public/robots.txt
157 silly gunzTarPerm extractEntry future.js
158 silly gunzTarPerm extractEntry test.js
159 silly gunzTarPerm extractEntry docs/client/api.js
160 silly gunzTarPerm extractEntry docs/client/docs.js
161 silly gunzTarPerm extractEntry docs/client/concepts.html
162 silly gunzTarPerm extractEntry docs/client/commandline.html
163 silly gunzTarPerm extractEntry fibers.js
164 silly gunzTarPerm extractEntry build.js
165 silly gunzTarPerm extractEntry docs/client/packages.html
166 silly gunzTarPerm extractEntry docs/client/api.html
167 silly gunzTarPerm extractEntry test/unwind.js
168 silly gunzTarPerm extractEntry test/current.js
169 silly gunzTarPerm extractEntry docs/client/splash.less
170 silly gunzTarPerm extractEntry docs/client/docs.html
171 silly gunzTarPerm extractEntry docs/client/ga.html
172 silly gunzTarPerm extractEntry docs/client/docs.css
173 silly gunzTarPerm extractEntry docs/client/introduction.html
174 silly gunzTarPerm extractEntry docs/.meteor/.npmignore
175 silly gunzTarPerm extractEntry meteor
176 silly gunzTarPerm extractEntry test/stack-overflow.js
177 silly gunzTarPerm extractEntry test/finish-multiple.js
178 silly gunzTarPerm extractEntry test/pool.js
179 silly gunzTarPerm extractEntry test/fibonacci.js
180 silly gunzTarPerm extractEntry admin/increment-version.js
181 silly gunzTarPerm extractEntry admin/install-s3.sh
182 silly gunzTarPerm extractEntry test/bad-context.js
183 silly gunzTarPerm extractEntry test/future.js
184 silly gunzTarPerm extractEntry test/process-title.js
185 silly gunzTarPerm extractEntry test/illegal-yield.js
186 silly gunzTarPerm extractEntry test/started.js
187 silly gunzTarPerm extractEntry test/exec.js
188 silly gunzTarPerm extractEntry admin/meteor.spec
189 silly gunzTarPerm extractEntry admin/spark-standalone.sh
190 silly gunzTarPerm extractEntry admin/build-release.sh
191 silly gunzTarPerm extractEntry admin/node.sh
192 silly gunzTarPerm extractEntry test/child-process.js
193 silly gunzTarPerm extractEntry test/already-running.js
194 silly gunzTarPerm extractEntry test/exit.js
195 silly gunzTarPerm extractEntry src/coroutine.h
196 silly gunzTarPerm extractEntry admin/manifest.json
197 silly gunzTarPerm extractEntry admin/generate-dev-bundle.sh
198 silly gunzTarPerm extractEntry src/coroutine.cc
199 silly gunzTarPerm extractEntry src/libcoro/README
200 silly gunzTarPerm extractEntry admin/debian/copyright
201 silly gunzTarPerm extractEntry admin/debian/control
202 silly gunzTarPerm extractEntry src/libcoro/LICENSE
203 silly gunzTarPerm extractEntry src/libcoro/coro.h
204 silly gunzTarPerm extractEntry admin/debian/compat
205 silly gunzTarPerm extractEntry admin/debian/docs
206 silly gunzTarPerm extractEntry admin/debian/rules
207 silly gunzTarPerm extractEntry admin/debian/changelog
208 silly gunzTarPerm extractEntry admin/debian/meteor.install
209 silly gunzTarPerm extractEntry admin/debian/source/format
210 silly gunzTarPerm extractEntry admin/debian/meteor.links
211 silly gunzTarPerm extractEntry src/libcoro/coro.c
212 silly gunzTarPerm extractEntry src/libcoro/conftest.c
213 silly gunzTarPerm extractEntry src/fibers.cc
214 silly gunzTarPerm extractEntry binding.gyp
215 silly gunzTarPerm extractEntry bin/.npmignore
216 silly gunzTarPerm extractEntry bin/win32-ia32-v8-3.6/fibers.node
217 silly gunzTarPerm extractEntry bin/darwin-x64-v8-3.11/fibers.node
218 silly gunzTarPerm extractEntry admin/cli-test.sh
219 silly gunzTarPerm extractEntry admin/cut-release.sh
220 silly gunzTarPerm extractEntry bin/darwin-x64-v8-3.6/fibers.node
221 silly gunzTarPerm extractEntry bin/win32-ia32-v8-3.11/fibers.node
222 silly gunzTarPerm extractEntry .arcconfig
223 silly gunzTarPerm extractEntry app/meteor/update.js
224 silly gunzTarPerm extractEntry bin/linux-ia32-v8-3.6/fibers.node
225 silly gunzTarPerm extractEntry app/meteor/run.js
226 silly gunzTarPerm extractEntry app/meteor/deploy.js
227 silly gunzTarPerm extractEntry bin/linux-x64-v8-3.11/fibers.node
228 silly gunzTarPerm extractEntry bin/win32-x64-v8-3.11/fibers.node
229 silly gunzTarPerm extractEntry bin/linux-x64-v8-3.6/fibers.node
230 silly gunzTarPerm extractEntry app/meteor/post-upgrade.js
231 silly gunzTarPerm extractEntry app/meteor/meteor.js
232 silly gunzTarPerm extractEntry bin/win32-x64-v8-3.6/fibers.node
233 silly gunzTarPerm extractEntry bin/darwin-ia32-v8-3.6/fibers.node
234 silly gunzTarPerm extractEntry app/meteor/skel/~name~.js
235 silly gunzTarPerm extractEntry app/meteor/skel/~name~.html
236 silly gunzTarPerm extractEntry bin/linux-ia32-v8-3.11/fibers.node
237 silly gunzTarPerm extractEntry app/meteor/skel/~name~.css
238 silly gunzTarPerm extractEntry app/meteor/skel/.meteor/.npmignore
239 silly gunzTarPerm extractEntry bin/darwin-ia32-v8-3.11/fibers.node
240 silly gunzTarPerm extractEntry app/server/server.js
241 silly gunzTarPerm extractEntry app/server/underscore.js
242 silly gunzTarPerm extractEntry app/lib/project.js
243 silly gunzTarPerm extractEntry app/lib/mongo_runner.js
244 silly gunzTarPerm extractEntry app/lib/packages.js
245 silly gunzTarPerm extractEntry app/lib/files.js
246 silly gunzTarPerm extractEntry app/lib/updater.js
247 silly gunzTarPerm extractEntry app/lib/bundler.js
248 silly gunzTarPerm extractEntry app/lib/app.html.in
249 silly gunzTarPerm extractEntry app/lib/unsupported.html
250 silly gunzTarPerm extractEntry app/lib/third/underscore.js
251 silly gunzTarPerm extractEntry History.md
252 silly gunzTarPerm extractEntry LICENSE.txt
253 silly gentlyRm C:\Users\1\Desktop\angelhack\community\node_modules\.staging\fibers-f96628ac\node_modules is being purged
254 verbose gentlyRm don't care about contents; nuking C:\Users\1\Desktop\angelhack\community\node_modules\.staging\fibers-f96628ac\node_modules
255 silly gentlyRm C:\Users\1\Desktop\angelhack\community\node_modules\.staging\meteor-45559b68\node_modules is being purged
256 verbose gentlyRm don't care about contents; nuking C:\Users\1\Desktop\angelhack\community\node_modules\.staging\meteor-45559b68\node_modules
257 silly doParallel preinstall 2
258 silly preinstall fibers@0.6.9 C:\Users\1\Desktop\angelhack\community\node_modules\.staging\fibers-f96628ac
259 info lifecycle fibers@0.6.9~preinstall: fibers@0.6.9
260 silly preinstall meteor@0.5.2-1 C:\Users\1\Desktop\angelhack\community\node_modules\.staging\meteor-45559b68
261 info lifecycle meteor@0.5.2-1~preinstall: meteor@0.5.2-1
262 silly lifecycle fibers@0.6.9~preinstall: no script for preinstall, continuing
263 silly lifecycle meteor@0.5.2-1~preinstall: no script for preinstall, continuing
264 silly doReverseSerial remove 0
265 silly doSerial move 0
266 silly doSerial finalize 2
267 silly finalize C:\Users\1\Desktop\angelhack\community\node_modules\fibers
268 silly finalize C:\Users\1\Desktop\angelhack\community\node_modules\meteor
269 silly doSerial build 2
270 silly build fibers@0.6.9
271 info linkStuff fibers@0.6.9
272 silly linkStuff fibers@0.6.9 has C:\Users\1\Desktop\angelhack\community\node_modules as its parent node_modules
273 verbose linkBins fibers@0.6.9
274 verbose linkMans fibers@0.6.9
275 silly build meteor@0.5.2-1
276 info linkStuff meteor@0.5.2-1
277 silly linkStuff meteor@0.5.2-1 has C:\Users\1\Desktop\angelhack\community\node_modules as its parent node_modules
278 verbose linkBins meteor@0.5.2-1
279 verbose link bins [ { meteor: 'app/meteor/meteor.js' },
279 verbose link bins   'C:\\Users\\1\\Desktop\\angelhack\\community\\node_modules\\.bin',
279 verbose link bins   false ]
280 verbose linkMans meteor@0.5.2-1
281 silly doSerial global-link 0
282 silly doParallel update-linked 0
283 silly doSerial install 2
284 silly install fibers@0.6.9 C:\Users\1\Desktop\angelhack\community\node_modules\.staging\fibers-f96628ac
285 info lifecycle fibers@0.6.9~install: fibers@0.6.9
286 verbose lifecycle fibers@0.6.9~install: unsafe-perm in lifecycle true
287 verbose lifecycle fibers@0.6.9~install: PATH: C:\Program Files\nodejs\node_modules\npm\bin\node-gyp-bin;C:\Users\1\Desktop\angelhack\community\node_modules\fibers\node_modules\.bin;C:\Users\1\Desktop\angelhack\community\node_modules\.bin;C:\Program Files\nodejs;C:\Users\1\bin;C:\Program Files\Git\mingw64\bin;C:\Program Files\Git\usr\local\bin;C:\Program Files\Git\usr\bin;C:\Program Files\Git\usr\bin;C:\Program Files\Git\mingw64\bin;C:\Program Files\Git\usr\bin;C:\Users\1\bin;C:\Windows\system32;C:\Windows;C:\Windows\System32\Wbem;C:\Windows\System32\WindowsPowerShell\v1.0;C:\Program Files (x86)\Skype\Phone;C:\Program Files\nodejs;C:\Users\1\AppData\Local\atom\bin;C:\Users\1\AppData\Roaming\npm;C:\Program Files\Docker Toolbox;C:\Program Files\Git\usr\bin\vendor_perl;C:\Program Files\Git\usr\bin\core_perl
288 verbose lifecycle fibers@0.6.9~install: CWD: C:\Users\1\Desktop\angelhack\community\node_modules\fibers
289 silly lifecycle fibers@0.6.9~install: Args: [ '/d /s /c', 'node ./build.js' ]
290 silly lifecycle fibers@0.6.9~install: Returned: code: 1  signal: null
291 info lifecycle fibers@0.6.9~install: Failed to exec install script
292 verbose unlock done using C:\Users\1\AppData\Roaming\npm-cache\_locks\staging-36f22551bf89ee06.lock for C:\Users\1\Desktop\angelhack\community\node_modules\.staging
293 silly rollbackFailedOptional Starting
294 silly rollbackFailedOptional Finishing
295 silly runTopLevelLifecycles Starting
296 silly runTopLevelLifecycles Finishing
297 silly install printInstalled
298 verbose stack Error: fibers@0.6.9 install: `node ./build.js`
298 verbose stack Exit status 1
298 verbose stack     at EventEmitter.<anonymous> (C:\Program Files\nodejs\node_modules\npm\lib\utils\lifecycle.js:239:16)
298 verbose stack     at emitTwo (events.js:100:13)
298 verbose stack     at EventEmitter.emit (events.js:185:7)
298 verbose stack     at ChildProcess.<anonymous> (C:\Program Files\nodejs\node_modules\npm\lib\utils\spawn.js:24:14)
298 verbose stack     at emitTwo (events.js:100:13)
298 verbose stack     at ChildProcess.emit (events.js:185:7)
298 verbose stack     at maybeClose (internal/child_process.js:850:16)
298 verbose stack     at Process.ChildProcess._handle.onexit (internal/child_process.js:215:5)
299 verbose pkgid fibers@0.6.9
300 verbose cwd C:\Users\1\Desktop\angelhack\community
301 error Windows_NT 10.0.10586
302 error argv "C:\\Program Files\\nodejs\\node.exe" "C:\\Program Files\\nodejs\\node_modules\\npm\\bin\\npm-cli.js" "i" "meteor"
303 error node v5.10.1
304 error npm  v3.8.3
305 error code ELIFECYCLE
306 error fibers@0.6.9 install: `node ./build.js`
306 error Exit status 1
307 error Failed at the fibers@0.6.9 install script 'node ./build.js'.
307 error Make sure you have the latest version of node.js and npm installed.
307 error If you do, this is most likely a problem with the fibers package,
307 error not with npm itself.
307 error Tell the author that this fails on your system:
307 error     node ./build.js
307 error You can get information on how to open an issue for this project with:
307 error     npm bugs fibers
307 error Or if that isn't available, you can get their info via:
307 error     npm owner ls fibers
307 error There is likely additional logging output above.
308 verbose exit [ 1, true ]
